ARM GAS  C:\Users\DHEERA~1\AppData\Local\Temp\ccDKDu2t.s 			page 1


   1              		.syntax unified
   2              		.cpu cortex-m3
   3              		.fpu softvfp
   4              		.eabi_attribute 20, 1
   5              		.eabi_attribute 21, 1
   6              		.eabi_attribute 23, 3
   7              		.eabi_attribute 24, 1
   8              		.eabi_attribute 25, 1
   9              		.eabi_attribute 26, 1
  10              		.eabi_attribute 30, 1
  11              		.eabi_attribute 34, 1
  12              		.eabi_attribute 18, 4
  13              		.thumb
  14              		.syntax unified
  15              		.file	"functions.c"
  16              		.text
  17              	.Ltext0:
  18              		.cfi_sections	.debug_frame
  19              		.section	.text.Button_ISR_Handler,"ax",%progbits
  20              		.align	2
  21              		.global	Button_ISR_Handler
  22              		.thumb
  23              		.thumb_func
  24              		.type	Button_ISR_Handler, %function
  25              	Button_ISR_Handler:
  26              	.LFB63:
  27              		.file 1 "functions.c"
   1:functions.c   **** /**
   2:functions.c   ****  * @file functions.c
   3:functions.c   ****  * @brief Implementation of hardware abstraction and support functions.
   4:functions.c   ****  */
   5:functions.c   **** 
   6:functions.c   **** #include "functions.h"
   7:functions.c   **** 
   8:functions.c   **** // Global variable definitions
   9:functions.c   **** State state = IDLE;
  10:functions.c   **** uint16_t adcBuffer[NUM_OF_SAMPLES];
  11:functions.c   **** volatile uint8_t buttonPressed = 0;
  12:functions.c   **** uint8_t sampleCount = 0;
  13:functions.c   **** volatile uint8_t uart_s_received = 0;
  14:functions.c   **** volatile uint8_t uart_o_received = 0;
  15:functions.c   **** 
  16:functions.c   **** /**
  17:functions.c   ****  * @brief ISR for button press.
  18:functions.c   ****  * 
  19:functions.c   ****  * Sets buttonPressed flag and clears interrupt.
  20:functions.c   ****  */
  21:functions.c   **** CY_ISR(Button_ISR_Handler)
  22:functions.c   **** {
  28              		.loc 1 22 0
  29              		.cfi_startproc
  30              		@ args = 0, pretend = 0, frame = 0
  31              		@ frame_needed = 0, uses_anonymous_args = 0
  32 0000 08B5     		push	{r3, lr}
  33              		.cfi_def_cfa_offset 8
  34              		.cfi_offset 3, -8
  35              		.cfi_offset 14, -4
ARM GAS  C:\Users\DHEERA~1\AppData\Local\Temp\ccDKDu2t.s 			page 2


  23:functions.c   ****     buttonPressed = 1;
  36              		.loc 1 23 0
  37 0002 0122     		movs	r2, #1
  38 0004 034B     		ldr	r3, .L3
  39 0006 1A70     		strb	r2, [r3]
  24:functions.c   ****     isr_Button_ClearPending();
  40              		.loc 1 24 0
  41 0008 FFF7FEFF 		bl	isr_Button_ClearPending
  42              	.LVL0:
  25:functions.c   ****     Button_ClearInterrupt();
  43              		.loc 1 25 0
  44 000c FFF7FEFF 		bl	Button_ClearInterrupt
  45              	.LVL1:
  46 0010 08BD     		pop	{r3, pc}
  47              	.L4:
  48 0012 00BF     		.align	2
  49              	.L3:
  50 0014 00000000 		.word	.LANCHOR0
  51              		.cfi_endproc
  52              	.LFE63:
  53              		.size	Button_ISR_Handler, .-Button_ISR_Handler
  54              		.section	.text.UART_ISR_Handler,"ax",%progbits
  55              		.align	2
  56              		.global	UART_ISR_Handler
  57              		.thumb
  58              		.thumb_func
  59              		.type	UART_ISR_Handler, %function
  60              	UART_ISR_Handler:
  61              	.LFB64:
  26:functions.c   **** }
  27:functions.c   **** 
  28:functions.c   **** /**
  29:functions.c   ****  * @brief ISR for UART.
  30:functions.c   ****  * 
  31:functions.c   ****  * Sets uart_s_received and uart_o_received flag and clears interrupt.
  32:functions.c   ****  */
  33:functions.c   **** CY_ISR(UART_ISR_Handler)
  34:functions.c   **** {
  62              		.loc 1 34 0
  63              		.cfi_startproc
  64              		@ args = 0, pretend = 0, frame = 0
  65              		@ frame_needed = 0, uses_anonymous_args = 0
  66 0000 08B5     		push	{r3, lr}
  67              		.cfi_def_cfa_offset 8
  68              		.cfi_offset 3, -8
  69              		.cfi_offset 14, -4
  35:functions.c   ****     uint8_t rxChar = UART_LOG_GetChar();
  70              		.loc 1 35 0
  71 0002 FFF7FEFF 		bl	UART_LOG_GetChar
  72              	.LVL2:
  36:functions.c   **** 
  37:functions.c   ****     if (rxChar == 's')
  73              		.loc 1 37 0
  74 0006 7328     		cmp	r0, #115
  75 0008 03D1     		bne	.L6
  38:functions.c   ****         uart_s_received = 1;
  76              		.loc 1 38 0
ARM GAS  C:\Users\DHEERA~1\AppData\Local\Temp\ccDKDu2t.s 			page 3


  77 000a 0122     		movs	r2, #1
  78 000c 054B     		ldr	r3, .L9
  79 000e 5A70     		strb	r2, [r3, #1]
  80 0010 04E0     		b	.L7
  81              	.L6:
  39:functions.c   ****     else if (rxChar == 'o')
  82              		.loc 1 39 0
  83 0012 6F28     		cmp	r0, #111
  84 0014 02D1     		bne	.L7
  40:functions.c   ****         uart_o_received = 1;
  85              		.loc 1 40 0
  86 0016 0122     		movs	r2, #1
  87 0018 024B     		ldr	r3, .L9
  88 001a 9A70     		strb	r2, [r3, #2]
  89              	.L7:
  41:functions.c   **** 
  42:functions.c   ****     isr_UART_ClearPending();
  90              		.loc 1 42 0
  91 001c FFF7FEFF 		bl	isr_UART_ClearPending
  92              	.LVL3:
  93 0020 08BD     		pop	{r3, pc}
  94              	.L10:
  95 0022 00BF     		.align	2
  96              	.L9:
  97 0024 00000000 		.word	.LANCHOR0
  98              		.cfi_endproc
  99              	.LFE64:
 100              		.size	UART_ISR_Handler, .-UART_ISR_Handler
 101              		.section	.text.sampleADC,"ax",%progbits
 102              		.align	2
 103              		.global	sampleADC
 104              		.thumb
 105              		.thumb_func
 106              		.type	sampleADC, %function
 107              	sampleADC:
 108              	.LFB65:
  43:functions.c   **** }
  44:functions.c   **** 
  45:functions.c   **** 
  46:functions.c   **** /**
  47:functions.c   ****  * @brief Samples ADC and stores values in adcBuffer.
  48:functions.c   ****  * 
  49:functions.c   ****  * Uses blocking method to wait for each conversion to complete.
  50:functions.c   ****  */
  51:functions.c   **** void sampleADC()
  52:functions.c   **** {
 109              		.loc 1 52 0
 110              		.cfi_startproc
 111              		@ args = 0, pretend = 0, frame = 0
 112              		@ frame_needed = 0, uses_anonymous_args = 0
 113 0000 10B5     		push	{r4, lr}
 114              		.cfi_def_cfa_offset 8
 115              		.cfi_offset 4, -8
 116              		.cfi_offset 14, -4
 117              	.LVL4:
 118              	.LBB2:
  53:functions.c   ****     uint16_t output;
ARM GAS  C:\Users\DHEERA~1\AppData\Local\Temp\ccDKDu2t.s 			page 4


  54:functions.c   ****     for (int i = 0; i < NUM_OF_SAMPLES; i++)
 119              		.loc 1 54 0
 120 0002 0024     		movs	r4, #0
 121 0004 0CE0     		b	.L12
 122              	.LVL5:
 123              	.L14:
  55:functions.c   ****     {
  56:functions.c   ****         ADC_StartConvert();
 124              		.loc 1 56 0
 125 0006 FFF7FEFF 		bl	ADC_StartConvert
 126              	.LVL6:
 127              	.L13:
  57:functions.c   ****         while (!ADC_IsEndConversion(ADC_RETURN_STATUS));  /**< Wait until conversion finishes */
 128              		.loc 1 57 0 discriminator 1
 129 000a 0120     		movs	r0, #1
 130 000c FFF7FEFF 		bl	ADC_IsEndConversion
 131              	.LVL7:
 132 0010 0028     		cmp	r0, #0
 133 0012 FAD0     		beq	.L13
  58:functions.c   ****         output = ADC_GetResult16();
 134              		.loc 1 58 0 discriminator 2
 135 0014 FFF7FEFF 		bl	ADC_GetResult16
 136              	.LVL8:
  59:functions.c   ****         adcBuffer[i] = output;
 137              		.loc 1 59 0 discriminator 2
 138 0018 034B     		ldr	r3, .L16
 139 001a 23F81400 		strh	r0, [r3, r4, lsl #1]	@ movhi
  54:functions.c   ****     {
 140              		.loc 1 54 0 discriminator 2
 141 001e 0134     		adds	r4, r4, #1
 142              	.LVL9:
 143              	.L12:
  54:functions.c   ****     {
 144              		.loc 1 54 0 is_stmt 0 discriminator 1
 145 0020 B4F5806F 		cmp	r4, #1024
 146 0024 EFDB     		blt	.L14
 147              	.LBE2:
  60:functions.c   ****     }
  61:functions.c   **** }
 148              		.loc 1 61 0 is_stmt 1
 149 0026 10BD     		pop	{r4, pc}
 150              	.LVL10:
 151              	.L17:
 152              		.align	2
 153              	.L16:
 154 0028 00000000 		.word	adcBuffer
 155              		.cfi_endproc
 156              	.LFE65:
 157              		.size	sampleADC, .-sampleADC
 158              		.section	.text.uartSendBuffer,"ax",%progbits
 159              		.align	2
 160              		.global	uartSendBuffer
 161              		.thumb
 162              		.thumb_func
 163              		.type	uartSendBuffer, %function
 164              	uartSendBuffer:
 165              	.LFB66:
ARM GAS  C:\Users\DHEERA~1\AppData\Local\Temp\ccDKDu2t.s 			page 5


  62:functions.c   **** 
  63:functions.c   **** /**
  64:functions.c   ****  * @brief Sends the ADC buffer over UART.
  65:functions.c   ****  * 
  66:functions.c   ****  * Each 16-bit sample is sent as two bytes: LSB followed by MSB.
  67:functions.c   ****  */
  68:functions.c   **** void uartSendBuffer()
  69:functions.c   **** {
 166              		.loc 1 69 0
 167              		.cfi_startproc
 168              		@ args = 0, pretend = 0, frame = 0
 169              		@ frame_needed = 0, uses_anonymous_args = 0
 170 0000 38B5     		push	{r3, r4, r5, lr}
 171              		.cfi_def_cfa_offset 16
 172              		.cfi_offset 3, -16
 173              		.cfi_offset 4, -12
 174              		.cfi_offset 5, -8
 175              		.cfi_offset 14, -4
 176              	.LVL11:
 177              	.LBB3:
  70:functions.c   ****     for (int i = 0; i < NUM_OF_SAMPLES; i++)
 178              		.loc 1 70 0
 179 0002 0024     		movs	r4, #0
 180 0004 0AE0     		b	.L19
 181              	.LVL12:
 182              	.L20:
  71:functions.c   ****     {
  72:functions.c   ****         UART_LOG_PutChar(adcBuffer[i] & 0xFF);         /**< Send LSB */
 183              		.loc 1 72 0 discriminator 3
 184 0006 074D     		ldr	r5, .L22
 185 0008 15F81400 		ldrb	r0, [r5, r4, lsl #1]	@ zero_extendqisi2
 186 000c FFF7FEFF 		bl	UART_LOG_PutChar
 187              	.LVL13:
  73:functions.c   ****         UART_LOG_PutChar((adcBuffer[i] >> 8) & 0xFF);  /**< Send MSB */
 188              		.loc 1 73 0 discriminator 3
 189 0010 35F81400 		ldrh	r0, [r5, r4, lsl #1]
 190 0014 000A     		lsrs	r0, r0, #8
 191 0016 FFF7FEFF 		bl	UART_LOG_PutChar
 192              	.LVL14:
  70:functions.c   ****     for (int i = 0; i < NUM_OF_SAMPLES; i++)
 193              		.loc 1 70 0 discriminator 3
 194 001a 0134     		adds	r4, r4, #1
 195              	.LVL15:
 196              	.L19:
  70:functions.c   ****     for (int i = 0; i < NUM_OF_SAMPLES; i++)
 197              		.loc 1 70 0 is_stmt 0 discriminator 1
 198 001c B4F5806F 		cmp	r4, #1024
 199 0020 F1DB     		blt	.L20
 200              	.LBE3:
  74:functions.c   ****     }
  75:functions.c   **** }
 201              		.loc 1 75 0 is_stmt 1
 202 0022 38BD     		pop	{r3, r4, r5, pc}
 203              	.LVL16:
 204              	.L23:
 205              		.align	2
 206              	.L22:
ARM GAS  C:\Users\DHEERA~1\AppData\Local\Temp\ccDKDu2t.s 			page 6


 207 0024 00000000 		.word	adcBuffer
 208              		.cfi_endproc
 209              	.LFE66:
 210              		.size	uartSendBuffer, .-uartSendBuffer
 211              		.section	.text.updateLEDs,"ax",%progbits
 212              		.align	2
 213              		.global	updateLEDs
 214              		.thumb
 215              		.thumb_func
 216              		.type	updateLEDs, %function
 217              	updateLEDs:
 218              	.LFB67:
  76:functions.c   **** 
  77:functions.c   **** /**
  78:functions.c   ****  * @brief Controls the state of status LEDs.
  79:functions.c   ****  * 
  80:functions.c   ****  * @param red     Red LED state (0 or 1)
  81:functions.c   ****  * @param orange  Orange LED state (0 or 1)
  82:functions.c   ****  * @param green   Green LED state (0 or 1)
  83:functions.c   ****  */
  84:functions.c   **** void updateLEDs(uint8_t red, uint8_t orange, uint8_t green)
  85:functions.c   **** {
 219              		.loc 1 85 0
 220              		.cfi_startproc
 221              		@ args = 0, pretend = 0, frame = 0
 222              		@ frame_needed = 0, uses_anonymous_args = 0
 223              	.LVL17:
 224 0000 38B5     		push	{r3, r4, r5, lr}
 225              		.cfi_def_cfa_offset 16
 226              		.cfi_offset 3, -16
 227              		.cfi_offset 4, -12
 228              		.cfi_offset 5, -8
 229              		.cfi_offset 14, -4
 230 0002 0D46     		mov	r5, r1
 231 0004 1446     		mov	r4, r2
  86:functions.c   ****     led_red_Write(red);
 232              		.loc 1 86 0
 233 0006 FFF7FEFF 		bl	led_red_Write
 234              	.LVL18:
  87:functions.c   ****     led_orange_Write(orange);
 235              		.loc 1 87 0
 236 000a 2846     		mov	r0, r5
 237 000c FFF7FEFF 		bl	led_orange_Write
 238              	.LVL19:
  88:functions.c   ****     led_green_Write(green);
 239              		.loc 1 88 0
 240 0010 2046     		mov	r0, r4
 241 0012 FFF7FEFF 		bl	led_green_Write
 242              	.LVL20:
 243 0016 38BD     		pop	{r3, r4, r5, pc}
 244              		.cfi_endproc
 245              	.LFE67:
 246              		.size	updateLEDs, .-updateLEDs
 247              		.section	.text.initializeHardware,"ax",%progbits
 248              		.align	2
 249              		.global	initializeHardware
 250              		.thumb
ARM GAS  C:\Users\DHEERA~1\AppData\Local\Temp\ccDKDu2t.s 			page 7


 251              		.thumb_func
 252              		.type	initializeHardware, %function
 253              	initializeHardware:
 254              	.LFB68:
  89:functions.c   **** }
  90:functions.c   **** 
  91:functions.c   **** /**
  92:functions.c   ****  * @brief Initializes all hardware components.
  93:functions.c   ****  * 
  94:functions.c   ****  * Starts DAC, ADC, UART, button interrupt, and turns off all LEDs.
  95:functions.c   ****  */
  96:functions.c   **** void initializeHardware()
  97:functions.c   **** {
 255              		.loc 1 97 0
 256              		.cfi_startproc
 257              		@ args = 0, pretend = 0, frame = 0
 258              		@ frame_needed = 0, uses_anonymous_args = 0
 259 0000 08B5     		push	{r3, lr}
 260              		.cfi_def_cfa_offset 8
 261              		.cfi_offset 3, -8
 262              		.cfi_offset 14, -4
  98:functions.c   ****     WaveDAC8_1_Start();      /**< Start waveform generator (DAC) */
 263              		.loc 1 98 0
 264 0002 FFF7FEFF 		bl	WaveDAC8_1_Start
 265              	.LVL21:
  99:functions.c   ****     UART_LOG_Start();        /**< Initialize UART communication */
 266              		.loc 1 99 0
 267 0006 FFF7FEFF 		bl	UART_LOG_Start
 268              	.LVL22:
 100:functions.c   ****     ADC_Start();             /**< Start ADC peripheral */
 269              		.loc 1 100 0
 270 000a FFF7FEFF 		bl	ADC_Start
 271              	.LVL23:
 101:functions.c   ****     isr_Button_StartEx(Button_ISR_Handler);  /**< Attach ISR */
 272              		.loc 1 101 0
 273 000e 0648     		ldr	r0, .L28
 274 0010 FFF7FEFF 		bl	isr_Button_StartEx
 275              	.LVL24:
 102:functions.c   ****     isr_UART_StartEx(UART_ISR_Handler); /**< Attach ISR */
 276              		.loc 1 102 0
 277 0014 0548     		ldr	r0, .L28+4
 278 0016 FFF7FEFF 		bl	isr_UART_StartEx
 279              	.LVL25:
 103:functions.c   ****     updateLEDs(0, 0, 0);     /**< Turn off all LEDs initially */
 280              		.loc 1 103 0
 281 001a 0022     		movs	r2, #0
 282 001c 1146     		mov	r1, r2
 283 001e 1046     		mov	r0, r2
 284 0020 FFF7FEFF 		bl	updateLEDs
 285              	.LVL26:
 286 0024 08BD     		pop	{r3, pc}
 287              	.L29:
 288 0026 00BF     		.align	2
 289              	.L28:
 290 0028 00000000 		.word	Button_ISR_Handler
 291 002c 00000000 		.word	UART_ISR_Handler
 292              		.cfi_endproc
ARM GAS  C:\Users\DHEERA~1\AppData\Local\Temp\ccDKDu2t.s 			page 8


 293              	.LFE68:
 294              		.size	initializeHardware, .-initializeHardware
 295              		.section	.text.flushRxBuffer,"ax",%progbits
 296              		.align	2
 297              		.global	flushRxBuffer
 298              		.thumb
 299              		.thumb_func
 300              		.type	flushRxBuffer, %function
 301              	flushRxBuffer:
 302              	.LFB69:
 104:functions.c   **** }
 105:functions.c   **** 
 106:functions.c   **** /**
 107:functions.c   ****  * @brief Clears all pending bytes in UART RX buffer.
 108:functions.c   ****  */
 109:functions.c   **** void flushRxBuffer()
 110:functions.c   **** {
 303              		.loc 1 110 0
 304              		.cfi_startproc
 305              		@ args = 0, pretend = 0, frame = 0
 306              		@ frame_needed = 0, uses_anonymous_args = 0
 307 0000 08B5     		push	{r3, lr}
 308              		.cfi_def_cfa_offset 8
 309              		.cfi_offset 3, -8
 310              		.cfi_offset 14, -4
 111:functions.c   ****     while(UART_LOG_GetRxBufferSize())
 311              		.loc 1 111 0
 312 0002 01E0     		b	.L31
 313              	.L32:
 112:functions.c   ****     {
 113:functions.c   ****         UART_LOG_GetChar();  /**< Discard unread character */
 314              		.loc 1 113 0
 315 0004 FFF7FEFF 		bl	UART_LOG_GetChar
 316              	.LVL27:
 317              	.L31:
 111:functions.c   ****     while(UART_LOG_GetRxBufferSize())
 318              		.loc 1 111 0
 319 0008 FFF7FEFF 		bl	UART_LOG_GetRxBufferSize
 320              	.LVL28:
 321 000c 0028     		cmp	r0, #0
 322 000e F9D1     		bne	.L32
 114:functions.c   ****     }
 115:functions.c   **** }
 323              		.loc 1 115 0
 324 0010 08BD     		pop	{r3, pc}
 325              		.cfi_endproc
 326              	.LFE69:
 327              		.size	flushRxBuffer, .-flushRxBuffer
 328              		.global	uart_o_received
 329              		.global	uart_s_received
 330              		.global	sampleCount
 331              		.global	buttonPressed
 332              		.comm	adcBuffer,2048,4
 333              		.global	state
 334 0012 00BF     		.bss
 335              		.set	.LANCHOR0,. + 0
 336              		.type	buttonPressed, %object
ARM GAS  C:\Users\DHEERA~1\AppData\Local\Temp\ccDKDu2t.s 			page 9


 337              		.size	buttonPressed, 1
 338              	buttonPressed:
 339 0000 00       		.space	1
 340              		.type	uart_s_received, %object
 341              		.size	uart_s_received, 1
 342              	uart_s_received:
 343 0001 00       		.space	1
 344              		.type	uart_o_received, %object
 345              		.size	uart_o_received, 1
 346              	uart_o_received:
 347 0002 00       		.space	1
 348              		.type	sampleCount, %object
 349              		.size	sampleCount, 1
 350              	sampleCount:
 351 0003 00       		.space	1
 352              		.type	state, %object
 353              		.size	state, 1
 354              	state:
 355 0004 00       		.space	1
 356              		.text
 357              	.Letext0:
 358              		.file 2 "d:\\psoc creator\\4.4\\psoc creator\\import\\gnu\\arm\\5.4.1\\arm-none-eabi\\include\\mac
 359              		.file 3 "d:\\psoc creator\\4.4\\psoc creator\\import\\gnu\\arm\\5.4.1\\arm-none-eabi\\include\\sys
 360              		.file 4 "functions.h"
 361              		.file 5 "Generated_Source\\PSoC5/core_cm3.h"
 362              		.file 6 "Generated_Source\\PSoC5/isr_Button.h"
 363              		.file 7 "Generated_Source\\PSoC5/Button.h"
 364              		.file 8 "Generated_Source\\PSoC5/UART_LOG.h"
 365              		.file 9 "Generated_Source\\PSoC5/isr_UART.h"
 366              		.file 10 "Generated_Source\\PSoC5/ADC.h"
 367              		.file 11 "Generated_Source\\PSoC5/led_red.h"
 368              		.file 12 "Generated_Source\\PSoC5/led_orange.h"
 369              		.file 13 "Generated_Source\\PSoC5/led_green.h"
 370              		.file 14 "Generated_Source\\PSoC5/WaveDAC8_1.h"
 371              		.section	.debug_info,"",%progbits
 372              	.Ldebug_info0:
 373 0000 4E040000 		.4byte	0x44e
 374 0004 0400     		.2byte	0x4
 375 0006 00000000 		.4byte	.Ldebug_abbrev0
 376 000a 04       		.byte	0x4
 377 000b 01       		.uleb128 0x1
 378 000c 9D030000 		.4byte	.LASF59
 379 0010 0C       		.byte	0xc
 380 0011 70020000 		.4byte	.LASF60
 381 0015 ED020000 		.4byte	.LASF61
 382 0019 00000000 		.4byte	.Ldebug_ranges0+0
 383 001d 00000000 		.4byte	0
 384 0021 00000000 		.4byte	.Ldebug_line0
 385 0025 02       		.uleb128 0x2
 386 0026 01       		.byte	0x1
 387 0027 06       		.byte	0x6
 388 0028 B5010000 		.4byte	.LASF0
 389 002c 03       		.uleb128 0x3
 390 002d 42010000 		.4byte	.LASF3
 391 0031 02       		.byte	0x2
 392 0032 1D       		.byte	0x1d
 393 0033 37000000 		.4byte	0x37
ARM GAS  C:\Users\DHEERA~1\AppData\Local\Temp\ccDKDu2t.s 			page 10


 394 0037 02       		.uleb128 0x2
 395 0038 01       		.byte	0x1
 396 0039 08       		.byte	0x8
 397 003a 5E010000 		.4byte	.LASF1
 398 003e 02       		.uleb128 0x2
 399 003f 02       		.byte	0x2
 400 0040 05       		.byte	0x5
 401 0041 4B000000 		.4byte	.LASF2
 402 0045 03       		.uleb128 0x3
 403 0046 6F000000 		.4byte	.LASF4
 404 004a 02       		.byte	0x2
 405 004b 2B       		.byte	0x2b
 406 004c 50000000 		.4byte	0x50
 407 0050 02       		.uleb128 0x2
 408 0051 02       		.byte	0x2
 409 0052 07       		.byte	0x7
 410 0053 0B020000 		.4byte	.LASF5
 411 0057 03       		.uleb128 0x3
 412 0058 9D020000 		.4byte	.LASF6
 413 005c 02       		.byte	0x2
 414 005d 3F       		.byte	0x3f
 415 005e 62000000 		.4byte	0x62
 416 0062 02       		.uleb128 0x2
 417 0063 04       		.byte	0x4
 418 0064 05       		.byte	0x5
 419 0065 39010000 		.4byte	.LASF7
 420 0069 02       		.uleb128 0x2
 421 006a 04       		.byte	0x4
 422 006b 07       		.byte	0x7
 423 006c 57020000 		.4byte	.LASF8
 424 0070 02       		.uleb128 0x2
 425 0071 08       		.byte	0x8
 426 0072 05       		.byte	0x5
 427 0073 02010000 		.4byte	.LASF9
 428 0077 02       		.uleb128 0x2
 429 0078 08       		.byte	0x8
 430 0079 07       		.byte	0x7
 431 007a D0010000 		.4byte	.LASF10
 432 007e 04       		.uleb128 0x4
 433 007f 04       		.byte	0x4
 434 0080 05       		.byte	0x5
 435 0081 696E7400 		.ascii	"int\000"
 436 0085 02       		.uleb128 0x2
 437 0086 04       		.byte	0x4
 438 0087 07       		.byte	0x7
 439 0088 E7010000 		.4byte	.LASF11
 440 008c 03       		.uleb128 0x3
 441 008d BA000000 		.4byte	.LASF12
 442 0091 03       		.byte	0x3
 443 0092 18       		.byte	0x18
 444 0093 2C000000 		.4byte	0x2c
 445 0097 03       		.uleb128 0x3
 446 0098 F4010000 		.4byte	.LASF13
 447 009c 03       		.byte	0x3
 448 009d 24       		.byte	0x24
 449 009e 45000000 		.4byte	0x45
 450 00a2 03       		.uleb128 0x3
ARM GAS  C:\Users\DHEERA~1\AppData\Local\Temp\ccDKDu2t.s 			page 11


 451 00a3 2F020000 		.4byte	.LASF14
 452 00a7 03       		.byte	0x3
 453 00a8 2C       		.byte	0x2c
 454 00a9 57000000 		.4byte	0x57
 455 00ad 02       		.uleb128 0x2
 456 00ae 04       		.byte	0x4
 457 00af 04       		.byte	0x4
 458 00b0 E9000000 		.4byte	.LASF15
 459 00b4 02       		.uleb128 0x2
 460 00b5 08       		.byte	0x8
 461 00b6 04       		.byte	0x4
 462 00b7 69020000 		.4byte	.LASF16
 463 00bb 02       		.uleb128 0x2
 464 00bc 01       		.byte	0x1
 465 00bd 08       		.byte	0x8
 466 00be 26010000 		.4byte	.LASF17
 467 00c2 02       		.uleb128 0x2
 468 00c3 08       		.byte	0x8
 469 00c4 04       		.byte	0x4
 470 00c5 52010000 		.4byte	.LASF18
 471 00c9 02       		.uleb128 0x2
 472 00ca 04       		.byte	0x4
 473 00cb 07       		.byte	0x7
 474 00cc 66000000 		.4byte	.LASF19
 475 00d0 05       		.uleb128 0x5
 476 00d1 8C000000 		.4byte	0x8c
 477 00d5 06       		.uleb128 0x6
 478 00d6 01       		.byte	0x1
 479 00d7 37000000 		.4byte	0x37
 480 00db 04       		.byte	0x4
 481 00dc 10       		.byte	0x10
 482 00dd F4000000 		.4byte	0xf4
 483 00e1 07       		.uleb128 0x7
 484 00e2 D3000000 		.4byte	.LASF20
 485 00e6 00       		.byte	0
 486 00e7 07       		.uleb128 0x7
 487 00e8 10010000 		.4byte	.LASF21
 488 00ec 01       		.byte	0x1
 489 00ed 07       		.uleb128 0x7
 490 00ee AC000000 		.4byte	.LASF22
 491 00f2 02       		.byte	0x2
 492 00f3 00       		.byte	0
 493 00f4 03       		.uleb128 0x3
 494 00f5 20010000 		.4byte	.LASF23
 495 00f9 04       		.byte	0x4
 496 00fa 10       		.byte	0x10
 497 00fb D5000000 		.4byte	0xd5
 498 00ff 08       		.uleb128 0x8
 499 0100 EF000000 		.4byte	.LASF24
 500 0104 01       		.byte	0x1
 501 0105 15       		.byte	0x15
 502 0106 00000000 		.4byte	.LFB63
 503 010a 18000000 		.4byte	.LFE63-.LFB63
 504 010e 01       		.uleb128 0x1
 505 010f 9C       		.byte	0x9c
 506 0110 27010000 		.4byte	0x127
 507 0114 09       		.uleb128 0x9
ARM GAS  C:\Users\DHEERA~1\AppData\Local\Temp\ccDKDu2t.s 			page 12


 508 0115 0C000000 		.4byte	.LVL0
 509 0119 96030000 		.4byte	0x396
 510 011d 09       		.uleb128 0x9
 511 011e 10000000 		.4byte	.LVL1
 512 0122 A1030000 		.4byte	0x3a1
 513 0126 00       		.byte	0
 514 0127 08       		.uleb128 0x8
 515 0128 C2000000 		.4byte	.LASF25
 516 012c 01       		.byte	0x1
 517 012d 21       		.byte	0x21
 518 012e 00000000 		.4byte	.LFB64
 519 0132 28000000 		.4byte	.LFE64-.LFB64
 520 0136 01       		.uleb128 0x1
 521 0137 9C       		.byte	0x9c
 522 0138 5E010000 		.4byte	0x15e
 523 013c 0A       		.uleb128 0xa
 524 013d 86020000 		.4byte	.LASF27
 525 0141 01       		.byte	0x1
 526 0142 23       		.byte	0x23
 527 0143 8C000000 		.4byte	0x8c
 528 0147 00000000 		.4byte	.LLST0
 529 014b 09       		.uleb128 0x9
 530 014c 06000000 		.4byte	.LVL2
 531 0150 AC030000 		.4byte	0x3ac
 532 0154 09       		.uleb128 0x9
 533 0155 20000000 		.4byte	.LVL3
 534 0159 B7030000 		.4byte	0x3b7
 535 015d 00       		.byte	0
 536 015e 08       		.uleb128 0x8
 537 015f AB010000 		.4byte	.LASF26
 538 0163 01       		.byte	0x1
 539 0164 33       		.byte	0x33
 540 0165 00000000 		.4byte	.LFB65
 541 0169 2C000000 		.4byte	.LFE65-.LFB65
 542 016d 01       		.uleb128 0x1
 543 016e 9C       		.byte	0x9c
 544 016f BF010000 		.4byte	0x1bf
 545 0173 0A       		.uleb128 0xa
 546 0174 E6020000 		.4byte	.LASF28
 547 0178 01       		.byte	0x1
 548 0179 35       		.byte	0x35
 549 017a 97000000 		.4byte	0x97
 550 017e 13000000 		.4byte	.LLST1
 551 0182 0B       		.uleb128 0xb
 552 0183 02000000 		.4byte	.LBB2
 553 0187 24000000 		.4byte	.LBE2-.LBB2
 554 018b 0C       		.uleb128 0xc
 555 018c 6900     		.ascii	"i\000"
 556 018e 01       		.byte	0x1
 557 018f 36       		.byte	0x36
 558 0190 7E000000 		.4byte	0x7e
 559 0194 26000000 		.4byte	.LLST2
 560 0198 09       		.uleb128 0x9
 561 0199 0A000000 		.4byte	.LVL6
 562 019d C2030000 		.4byte	0x3c2
 563 01a1 0D       		.uleb128 0xd
 564 01a2 10000000 		.4byte	.LVL7
ARM GAS  C:\Users\DHEERA~1\AppData\Local\Temp\ccDKDu2t.s 			page 13


 565 01a6 CD030000 		.4byte	0x3cd
 566 01aa B4010000 		.4byte	0x1b4
 567 01ae 0E       		.uleb128 0xe
 568 01af 01       		.uleb128 0x1
 569 01b0 50       		.byte	0x50
 570 01b1 01       		.uleb128 0x1
 571 01b2 31       		.byte	0x31
 572 01b3 00       		.byte	0
 573 01b4 09       		.uleb128 0x9
 574 01b5 18000000 		.4byte	.LVL8
 575 01b9 D8030000 		.4byte	0x3d8
 576 01bd 00       		.byte	0
 577 01be 00       		.byte	0
 578 01bf 08       		.uleb128 0x8
 579 01c0 C1010000 		.4byte	.LASF29
 580 01c4 01       		.byte	0x1
 581 01c5 44       		.byte	0x44
 582 01c6 00000000 		.4byte	.LFB66
 583 01ca 28000000 		.4byte	.LFE66-.LFB66
 584 01ce 01       		.uleb128 0x1
 585 01cf 9C       		.byte	0x9c
 586 01d0 FE010000 		.4byte	0x1fe
 587 01d4 0B       		.uleb128 0xb
 588 01d5 02000000 		.4byte	.LBB3
 589 01d9 20000000 		.4byte	.LBE3-.LBB3
 590 01dd 0C       		.uleb128 0xc
 591 01de 6900     		.ascii	"i\000"
 592 01e0 01       		.byte	0x1
 593 01e1 46       		.byte	0x46
 594 01e2 7E000000 		.4byte	0x7e
 595 01e6 45000000 		.4byte	.LLST3
 596 01ea 09       		.uleb128 0x9
 597 01eb 10000000 		.4byte	.LVL13
 598 01ef E3030000 		.4byte	0x3e3
 599 01f3 09       		.uleb128 0x9
 600 01f4 1A000000 		.4byte	.LVL14
 601 01f8 E3030000 		.4byte	0x3e3
 602 01fc 00       		.byte	0
 603 01fd 00       		.byte	0
 604 01fe 08       		.uleb128 0x8
 605 01ff 7A000000 		.4byte	.LASF30
 606 0203 01       		.byte	0x1
 607 0204 54       		.byte	0x54
 608 0205 00000000 		.4byte	.LFB67
 609 0209 18000000 		.4byte	.LFE67-.LFB67
 610 020d 01       		.uleb128 0x1
 611 020e 9C       		.byte	0x9c
 612 020f 6E020000 		.4byte	0x26e
 613 0213 0F       		.uleb128 0xf
 614 0214 72656400 		.ascii	"red\000"
 615 0218 01       		.byte	0x1
 616 0219 54       		.byte	0x54
 617 021a 8C000000 		.4byte	0x8c
 618 021e 64000000 		.4byte	.LLST4
 619 0222 10       		.uleb128 0x10
 620 0223 19010000 		.4byte	.LASF31
 621 0227 01       		.byte	0x1
ARM GAS  C:\Users\DHEERA~1\AppData\Local\Temp\ccDKDu2t.s 			page 14


 622 0228 54       		.byte	0x54
 623 0229 8C000000 		.4byte	0x8c
 624 022d 85000000 		.4byte	.LLST5
 625 0231 10       		.uleb128 0x10
 626 0232 4C010000 		.4byte	.LASF32
 627 0236 01       		.byte	0x1
 628 0237 54       		.byte	0x54
 629 0238 8C000000 		.4byte	0x8c
 630 023c A6000000 		.4byte	.LLST6
 631 0240 09       		.uleb128 0x9
 632 0241 0A000000 		.4byte	.LVL18
 633 0245 EE030000 		.4byte	0x3ee
 634 0249 0D       		.uleb128 0xd
 635 024a 10000000 		.4byte	.LVL19
 636 024e F9030000 		.4byte	0x3f9
 637 0252 5D020000 		.4byte	0x25d
 638 0256 0E       		.uleb128 0xe
 639 0257 01       		.uleb128 0x1
 640 0258 50       		.byte	0x50
 641 0259 02       		.uleb128 0x2
 642 025a 75       		.byte	0x75
 643 025b 00       		.sleb128 0
 644 025c 00       		.byte	0
 645 025d 11       		.uleb128 0x11
 646 025e 16000000 		.4byte	.LVL20
 647 0262 04040000 		.4byte	0x404
 648 0266 0E       		.uleb128 0xe
 649 0267 01       		.uleb128 0x1
 650 0268 50       		.byte	0x50
 651 0269 02       		.uleb128 0x2
 652 026a 74       		.byte	0x74
 653 026b 00       		.sleb128 0
 654 026c 00       		.byte	0
 655 026d 00       		.byte	0
 656 026e 08       		.uleb128 0x8
 657 026f 85000000 		.4byte	.LASF33
 658 0273 01       		.byte	0x1
 659 0274 60       		.byte	0x60
 660 0275 00000000 		.4byte	.LFB68
 661 0279 30000000 		.4byte	.LFE68-.LFB68
 662 027d 01       		.uleb128 0x1
 663 027e 9C       		.byte	0x9c
 664 027f E6020000 		.4byte	0x2e6
 665 0283 09       		.uleb128 0x9
 666 0284 06000000 		.4byte	.LVL21
 667 0288 0F040000 		.4byte	0x40f
 668 028c 09       		.uleb128 0x9
 669 028d 0A000000 		.4byte	.LVL22
 670 0291 1A040000 		.4byte	0x41a
 671 0295 09       		.uleb128 0x9
 672 0296 0E000000 		.4byte	.LVL23
 673 029a 25040000 		.4byte	0x425
 674 029e 0D       		.uleb128 0xd
 675 029f 14000000 		.4byte	.LVL24
 676 02a3 30040000 		.4byte	0x430
 677 02a7 B5020000 		.4byte	0x2b5
 678 02ab 0E       		.uleb128 0xe
ARM GAS  C:\Users\DHEERA~1\AppData\Local\Temp\ccDKDu2t.s 			page 15


 679 02ac 01       		.uleb128 0x1
 680 02ad 50       		.byte	0x50
 681 02ae 05       		.uleb128 0x5
 682 02af 03       		.byte	0x3
 683 02b0 00000000 		.4byte	Button_ISR_Handler
 684 02b4 00       		.byte	0
 685 02b5 0D       		.uleb128 0xd
 686 02b6 1A000000 		.4byte	.LVL25
 687 02ba 3B040000 		.4byte	0x43b
 688 02be CC020000 		.4byte	0x2cc
 689 02c2 0E       		.uleb128 0xe
 690 02c3 01       		.uleb128 0x1
 691 02c4 50       		.byte	0x50
 692 02c5 05       		.uleb128 0x5
 693 02c6 03       		.byte	0x3
 694 02c7 00000000 		.4byte	UART_ISR_Handler
 695 02cb 00       		.byte	0
 696 02cc 11       		.uleb128 0x11
 697 02cd 24000000 		.4byte	.LVL26
 698 02d1 FE010000 		.4byte	0x1fe
 699 02d5 0E       		.uleb128 0xe
 700 02d6 01       		.uleb128 0x1
 701 02d7 50       		.byte	0x50
 702 02d8 01       		.uleb128 0x1
 703 02d9 30       		.byte	0x30
 704 02da 0E       		.uleb128 0xe
 705 02db 01       		.uleb128 0x1
 706 02dc 51       		.byte	0x51
 707 02dd 01       		.uleb128 0x1
 708 02de 30       		.byte	0x30
 709 02df 0E       		.uleb128 0xe
 710 02e0 01       		.uleb128 0x1
 711 02e1 52       		.byte	0x52
 712 02e2 01       		.uleb128 0x1
 713 02e3 30       		.byte	0x30
 714 02e4 00       		.byte	0
 715 02e5 00       		.byte	0
 716 02e6 08       		.uleb128 0x8
 717 02e7 FD010000 		.4byte	.LASF34
 718 02eb 01       		.byte	0x1
 719 02ec 6D       		.byte	0x6d
 720 02ed 00000000 		.4byte	.LFB69
 721 02f1 12000000 		.4byte	.LFE69-.LFB69
 722 02f5 01       		.uleb128 0x1
 723 02f6 9C       		.byte	0x9c
 724 02f7 0E030000 		.4byte	0x30e
 725 02fb 09       		.uleb128 0x9
 726 02fc 08000000 		.4byte	.LVL27
 727 0300 AC030000 		.4byte	0x3ac
 728 0304 09       		.uleb128 0x9
 729 0305 0C000000 		.4byte	.LVL28
 730 0309 46040000 		.4byte	0x446
 731 030d 00       		.byte	0
 732 030e 12       		.uleb128 0x12
 733 030f 90030000 		.4byte	.LASF35
 734 0313 05       		.byte	0x5
 735 0314 1207     		.2byte	0x712
ARM GAS  C:\Users\DHEERA~1\AppData\Local\Temp\ccDKDu2t.s 			page 16


 736 0316 1A030000 		.4byte	0x31a
 737 031a 05       		.uleb128 0x5
 738 031b A2000000 		.4byte	0xa2
 739 031f 13       		.uleb128 0x13
 740 0320 37000000 		.4byte	.LASF36
 741 0324 01       		.byte	0x1
 742 0325 09       		.byte	0x9
 743 0326 F4000000 		.4byte	0xf4
 744 032a 05       		.uleb128 0x5
 745 032b 03       		.byte	0x3
 746 032c 00000000 		.4byte	state
 747 0330 14       		.uleb128 0x14
 748 0331 97000000 		.4byte	0x97
 749 0335 41030000 		.4byte	0x341
 750 0339 15       		.uleb128 0x15
 751 033a C9000000 		.4byte	0xc9
 752 033e FF03     		.2byte	0x3ff
 753 0340 00       		.byte	0
 754 0341 13       		.uleb128 0x13
 755 0342 7C020000 		.4byte	.LASF37
 756 0346 01       		.byte	0x1
 757 0347 0A       		.byte	0xa
 758 0348 30030000 		.4byte	0x330
 759 034c 05       		.uleb128 0x5
 760 034d 03       		.byte	0x3
 761 034e 00000000 		.4byte	adcBuffer
 762 0352 13       		.uleb128 0x13
 763 0353 2B010000 		.4byte	.LASF38
 764 0357 01       		.byte	0x1
 765 0358 0B       		.byte	0xb
 766 0359 D0000000 		.4byte	0xd0
 767 035d 05       		.uleb128 0x5
 768 035e 03       		.byte	0x3
 769 035f 00000000 		.4byte	buttonPressed
 770 0363 13       		.uleb128 0x13
 771 0364 80030000 		.4byte	.LASF39
 772 0368 01       		.byte	0x1
 773 0369 0D       		.byte	0xd
 774 036a D0000000 		.4byte	0xd0
 775 036e 05       		.uleb128 0x5
 776 036f 03       		.byte	0x3
 777 0370 00000000 		.4byte	uart_s_received
 778 0374 13       		.uleb128 0x13
 779 0375 8D020000 		.4byte	.LASF40
 780 0379 01       		.byte	0x1
 781 037a 0E       		.byte	0xe
 782 037b D0000000 		.4byte	0xd0
 783 037f 05       		.uleb128 0x5
 784 0380 03       		.byte	0x3
 785 0381 00000000 		.4byte	uart_o_received
 786 0385 13       		.uleb128 0x13
 787 0386 C9020000 		.4byte	.LASF41
 788 038a 01       		.byte	0x1
 789 038b 0C       		.byte	0xc
 790 038c 8C000000 		.4byte	0x8c
 791 0390 05       		.uleb128 0x5
 792 0391 03       		.byte	0x3
ARM GAS  C:\Users\DHEERA~1\AppData\Local\Temp\ccDKDu2t.s 			page 17


 793 0392 00000000 		.4byte	sampleCount
 794 0396 16       		.uleb128 0x16
 795 0397 00000000 		.4byte	.LASF42
 796 039b 00000000 		.4byte	.LASF42
 797 039f 06       		.byte	0x6
 798 03a0 28       		.byte	0x28
 799 03a1 16       		.uleb128 0x16
 800 03a2 6C010000 		.4byte	.LASF43
 801 03a6 6C010000 		.4byte	.LASF43
 802 03aa 07       		.byte	0x7
 803 03ab 2B       		.byte	0x2b
 804 03ac 16       		.uleb128 0x16
 805 03ad A7020000 		.4byte	.LASF44
 806 03b1 A7020000 		.4byte	.LASF44
 807 03b5 08       		.byte	0x8
 808 03b6 71       		.byte	0x71
 809 03b7 16       		.uleb128 0x16
 810 03b8 37020000 		.4byte	.LASF45
 811 03bc 37020000 		.4byte	.LASF45
 812 03c0 09       		.byte	0x9
 813 03c1 28       		.byte	0x28
 814 03c2 16       		.uleb128 0x16
 815 03c3 D8000000 		.4byte	.LASF46
 816 03c7 D8000000 		.4byte	.LASF46
 817 03cb 0A       		.byte	0xa
 818 03cc 3D       		.byte	0x3d
 819 03cd 16       		.uleb128 0x16
 820 03ce 98000000 		.4byte	.LASF47
 821 03d2 98000000 		.4byte	.LASF47
 822 03d6 0A       		.byte	0xa
 823 03d7 3F       		.byte	0x3f
 824 03d8 16       		.uleb128 0x16
 825 03d9 27000000 		.4byte	.LASF48
 826 03dd 27000000 		.4byte	.LASF48
 827 03e1 0A       		.byte	0xa
 828 03e2 41       		.byte	0x41
 829 03e3 16       		.uleb128 0x16
 830 03e4 55000000 		.4byte	.LASF49
 831 03e8 55000000 		.4byte	.LASF49
 832 03ec 08       		.byte	0x8
 833 03ed 8A       		.byte	0x8a
 834 03ee 16       		.uleb128 0x16
 835 03ef 3D000000 		.4byte	.LASF50
 836 03f3 3D000000 		.4byte	.LASF50
 837 03f7 0B       		.byte	0xb
 838 03f8 26       		.byte	0x26
 839 03f9 16       		.uleb128 0x16
 840 03fa D5020000 		.4byte	.LASF51
 841 03fe D5020000 		.4byte	.LASF51
 842 0402 0C       		.byte	0xc
 843 0403 26       		.byte	0x26
 844 0404 16       		.uleb128 0x16
 845 0405 9B010000 		.4byte	.LASF52
 846 0409 9B010000 		.4byte	.LASF52
 847 040d 0D       		.byte	0xd
 848 040e 26       		.byte	0x26
 849 040f 16       		.uleb128 0x16
ARM GAS  C:\Users\DHEERA~1\AppData\Local\Temp\ccDKDu2t.s 			page 18


 850 0410 B8020000 		.4byte	.LASF53
 851 0414 B8020000 		.4byte	.LASF53
 852 0418 0E       		.byte	0xe
 853 0419 67       		.byte	0x67
 854 041a 16       		.uleb128 0x16
 855 041b 18000000 		.4byte	.LASF54
 856 041f 18000000 		.4byte	.LASF54
 857 0423 08       		.byte	0x8
 858 0424 54       		.byte	0x54
 859 0425 16       		.uleb128 0x16
 860 0426 4D020000 		.4byte	.LASF55
 861 042a 4D020000 		.4byte	.LASF55
 862 042e 0A       		.byte	0xa
 863 042f 3A       		.byte	0x3a
 864 0430 16       		.uleb128 0x16
 865 0431 6D030000 		.4byte	.LASF56
 866 0435 6D030000 		.4byte	.LASF56
 867 0439 06       		.byte	0x6
 868 043a 18       		.byte	0x18
 869 043b 16       		.uleb128 0x16
 870 043c 1E020000 		.4byte	.LASF57
 871 0440 1E020000 		.4byte	.LASF57
 872 0444 09       		.byte	0x9
 873 0445 18       		.byte	0x18
 874 0446 16       		.uleb128 0x16
 875 0447 82010000 		.4byte	.LASF58
 876 044b 82010000 		.4byte	.LASF58
 877 044f 08       		.byte	0x8
 878 0450 73       		.byte	0x73
 879 0451 00       		.byte	0
 880              		.section	.debug_abbrev,"",%progbits
 881              	.Ldebug_abbrev0:
 882 0000 01       		.uleb128 0x1
 883 0001 11       		.uleb128 0x11
 884 0002 01       		.byte	0x1
 885 0003 25       		.uleb128 0x25
 886 0004 0E       		.uleb128 0xe
 887 0005 13       		.uleb128 0x13
 888 0006 0B       		.uleb128 0xb
 889 0007 03       		.uleb128 0x3
 890 0008 0E       		.uleb128 0xe
 891 0009 1B       		.uleb128 0x1b
 892 000a 0E       		.uleb128 0xe
 893 000b 55       		.uleb128 0x55
 894 000c 17       		.uleb128 0x17
 895 000d 11       		.uleb128 0x11
 896 000e 01       		.uleb128 0x1
 897 000f 10       		.uleb128 0x10
 898 0010 17       		.uleb128 0x17
 899 0011 00       		.byte	0
 900 0012 00       		.byte	0
 901 0013 02       		.uleb128 0x2
 902 0014 24       		.uleb128 0x24
 903 0015 00       		.byte	0
 904 0016 0B       		.uleb128 0xb
 905 0017 0B       		.uleb128 0xb
 906 0018 3E       		.uleb128 0x3e
ARM GAS  C:\Users\DHEERA~1\AppData\Local\Temp\ccDKDu2t.s 			page 19


 907 0019 0B       		.uleb128 0xb
 908 001a 03       		.uleb128 0x3
 909 001b 0E       		.uleb128 0xe
 910 001c 00       		.byte	0
 911 001d 00       		.byte	0
 912 001e 03       		.uleb128 0x3
 913 001f 16       		.uleb128 0x16
 914 0020 00       		.byte	0
 915 0021 03       		.uleb128 0x3
 916 0022 0E       		.uleb128 0xe
 917 0023 3A       		.uleb128 0x3a
 918 0024 0B       		.uleb128 0xb
 919 0025 3B       		.uleb128 0x3b
 920 0026 0B       		.uleb128 0xb
 921 0027 49       		.uleb128 0x49
 922 0028 13       		.uleb128 0x13
 923 0029 00       		.byte	0
 924 002a 00       		.byte	0
 925 002b 04       		.uleb128 0x4
 926 002c 24       		.uleb128 0x24
 927 002d 00       		.byte	0
 928 002e 0B       		.uleb128 0xb
 929 002f 0B       		.uleb128 0xb
 930 0030 3E       		.uleb128 0x3e
 931 0031 0B       		.uleb128 0xb
 932 0032 03       		.uleb128 0x3
 933 0033 08       		.uleb128 0x8
 934 0034 00       		.byte	0
 935 0035 00       		.byte	0
 936 0036 05       		.uleb128 0x5
 937 0037 35       		.uleb128 0x35
 938 0038 00       		.byte	0
 939 0039 49       		.uleb128 0x49
 940 003a 13       		.uleb128 0x13
 941 003b 00       		.byte	0
 942 003c 00       		.byte	0
 943 003d 06       		.uleb128 0x6
 944 003e 04       		.uleb128 0x4
 945 003f 01       		.byte	0x1
 946 0040 0B       		.uleb128 0xb
 947 0041 0B       		.uleb128 0xb
 948 0042 49       		.uleb128 0x49
 949 0043 13       		.uleb128 0x13
 950 0044 3A       		.uleb128 0x3a
 951 0045 0B       		.uleb128 0xb
 952 0046 3B       		.uleb128 0x3b
 953 0047 0B       		.uleb128 0xb
 954 0048 01       		.uleb128 0x1
 955 0049 13       		.uleb128 0x13
 956 004a 00       		.byte	0
 957 004b 00       		.byte	0
 958 004c 07       		.uleb128 0x7
 959 004d 28       		.uleb128 0x28
 960 004e 00       		.byte	0
 961 004f 03       		.uleb128 0x3
 962 0050 0E       		.uleb128 0xe
 963 0051 1C       		.uleb128 0x1c
ARM GAS  C:\Users\DHEERA~1\AppData\Local\Temp\ccDKDu2t.s 			page 20


 964 0052 0B       		.uleb128 0xb
 965 0053 00       		.byte	0
 966 0054 00       		.byte	0
 967 0055 08       		.uleb128 0x8
 968 0056 2E       		.uleb128 0x2e
 969 0057 01       		.byte	0x1
 970 0058 3F       		.uleb128 0x3f
 971 0059 19       		.uleb128 0x19
 972 005a 03       		.uleb128 0x3
 973 005b 0E       		.uleb128 0xe
 974 005c 3A       		.uleb128 0x3a
 975 005d 0B       		.uleb128 0xb
 976 005e 3B       		.uleb128 0x3b
 977 005f 0B       		.uleb128 0xb
 978 0060 27       		.uleb128 0x27
 979 0061 19       		.uleb128 0x19
 980 0062 11       		.uleb128 0x11
 981 0063 01       		.uleb128 0x1
 982 0064 12       		.uleb128 0x12
 983 0065 06       		.uleb128 0x6
 984 0066 40       		.uleb128 0x40
 985 0067 18       		.uleb128 0x18
 986 0068 9742     		.uleb128 0x2117
 987 006a 19       		.uleb128 0x19
 988 006b 01       		.uleb128 0x1
 989 006c 13       		.uleb128 0x13
 990 006d 00       		.byte	0
 991 006e 00       		.byte	0
 992 006f 09       		.uleb128 0x9
 993 0070 898201   		.uleb128 0x4109
 994 0073 00       		.byte	0
 995 0074 11       		.uleb128 0x11
 996 0075 01       		.uleb128 0x1
 997 0076 31       		.uleb128 0x31
 998 0077 13       		.uleb128 0x13
 999 0078 00       		.byte	0
 1000 0079 00       		.byte	0
 1001 007a 0A       		.uleb128 0xa
 1002 007b 34       		.uleb128 0x34
 1003 007c 00       		.byte	0
 1004 007d 03       		.uleb128 0x3
 1005 007e 0E       		.uleb128 0xe
 1006 007f 3A       		.uleb128 0x3a
 1007 0080 0B       		.uleb128 0xb
 1008 0081 3B       		.uleb128 0x3b
 1009 0082 0B       		.uleb128 0xb
 1010 0083 49       		.uleb128 0x49
 1011 0084 13       		.uleb128 0x13
 1012 0085 02       		.uleb128 0x2
 1013 0086 17       		.uleb128 0x17
 1014 0087 00       		.byte	0
 1015 0088 00       		.byte	0
 1016 0089 0B       		.uleb128 0xb
 1017 008a 0B       		.uleb128 0xb
 1018 008b 01       		.byte	0x1
 1019 008c 11       		.uleb128 0x11
 1020 008d 01       		.uleb128 0x1
ARM GAS  C:\Users\DHEERA~1\AppData\Local\Temp\ccDKDu2t.s 			page 21


 1021 008e 12       		.uleb128 0x12
 1022 008f 06       		.uleb128 0x6
 1023 0090 00       		.byte	0
 1024 0091 00       		.byte	0
 1025 0092 0C       		.uleb128 0xc
 1026 0093 34       		.uleb128 0x34
 1027 0094 00       		.byte	0
 1028 0095 03       		.uleb128 0x3
 1029 0096 08       		.uleb128 0x8
 1030 0097 3A       		.uleb128 0x3a
 1031 0098 0B       		.uleb128 0xb
 1032 0099 3B       		.uleb128 0x3b
 1033 009a 0B       		.uleb128 0xb
 1034 009b 49       		.uleb128 0x49
 1035 009c 13       		.uleb128 0x13
 1036 009d 02       		.uleb128 0x2
 1037 009e 17       		.uleb128 0x17
 1038 009f 00       		.byte	0
 1039 00a0 00       		.byte	0
 1040 00a1 0D       		.uleb128 0xd
 1041 00a2 898201   		.uleb128 0x4109
 1042 00a5 01       		.byte	0x1
 1043 00a6 11       		.uleb128 0x11
 1044 00a7 01       		.uleb128 0x1
 1045 00a8 31       		.uleb128 0x31
 1046 00a9 13       		.uleb128 0x13
 1047 00aa 01       		.uleb128 0x1
 1048 00ab 13       		.uleb128 0x13
 1049 00ac 00       		.byte	0
 1050 00ad 00       		.byte	0
 1051 00ae 0E       		.uleb128 0xe
 1052 00af 8A8201   		.uleb128 0x410a
 1053 00b2 00       		.byte	0
 1054 00b3 02       		.uleb128 0x2
 1055 00b4 18       		.uleb128 0x18
 1056 00b5 9142     		.uleb128 0x2111
 1057 00b7 18       		.uleb128 0x18
 1058 00b8 00       		.byte	0
 1059 00b9 00       		.byte	0
 1060 00ba 0F       		.uleb128 0xf
 1061 00bb 05       		.uleb128 0x5
 1062 00bc 00       		.byte	0
 1063 00bd 03       		.uleb128 0x3
 1064 00be 08       		.uleb128 0x8
 1065 00bf 3A       		.uleb128 0x3a
 1066 00c0 0B       		.uleb128 0xb
 1067 00c1 3B       		.uleb128 0x3b
 1068 00c2 0B       		.uleb128 0xb
 1069 00c3 49       		.uleb128 0x49
 1070 00c4 13       		.uleb128 0x13
 1071 00c5 02       		.uleb128 0x2
 1072 00c6 17       		.uleb128 0x17
 1073 00c7 00       		.byte	0
 1074 00c8 00       		.byte	0
 1075 00c9 10       		.uleb128 0x10
 1076 00ca 05       		.uleb128 0x5
 1077 00cb 00       		.byte	0
ARM GAS  C:\Users\DHEERA~1\AppData\Local\Temp\ccDKDu2t.s 			page 22


 1078 00cc 03       		.uleb128 0x3
 1079 00cd 0E       		.uleb128 0xe
 1080 00ce 3A       		.uleb128 0x3a
 1081 00cf 0B       		.uleb128 0xb
 1082 00d0 3B       		.uleb128 0x3b
 1083 00d1 0B       		.uleb128 0xb
 1084 00d2 49       		.uleb128 0x49
 1085 00d3 13       		.uleb128 0x13
 1086 00d4 02       		.uleb128 0x2
 1087 00d5 17       		.uleb128 0x17
 1088 00d6 00       		.byte	0
 1089 00d7 00       		.byte	0
 1090 00d8 11       		.uleb128 0x11
 1091 00d9 898201   		.uleb128 0x4109
 1092 00dc 01       		.byte	0x1
 1093 00dd 11       		.uleb128 0x11
 1094 00de 01       		.uleb128 0x1
 1095 00df 31       		.uleb128 0x31
 1096 00e0 13       		.uleb128 0x13
 1097 00e1 00       		.byte	0
 1098 00e2 00       		.byte	0
 1099 00e3 12       		.uleb128 0x12
 1100 00e4 34       		.uleb128 0x34
 1101 00e5 00       		.byte	0
 1102 00e6 03       		.uleb128 0x3
 1103 00e7 0E       		.uleb128 0xe
 1104 00e8 3A       		.uleb128 0x3a
 1105 00e9 0B       		.uleb128 0xb
 1106 00ea 3B       		.uleb128 0x3b
 1107 00eb 05       		.uleb128 0x5
 1108 00ec 49       		.uleb128 0x49
 1109 00ed 13       		.uleb128 0x13
 1110 00ee 3F       		.uleb128 0x3f
 1111 00ef 19       		.uleb128 0x19
 1112 00f0 3C       		.uleb128 0x3c
 1113 00f1 19       		.uleb128 0x19
 1114 00f2 00       		.byte	0
 1115 00f3 00       		.byte	0
 1116 00f4 13       		.uleb128 0x13
 1117 00f5 34       		.uleb128 0x34
 1118 00f6 00       		.byte	0
 1119 00f7 03       		.uleb128 0x3
 1120 00f8 0E       		.uleb128 0xe
 1121 00f9 3A       		.uleb128 0x3a
 1122 00fa 0B       		.uleb128 0xb
 1123 00fb 3B       		.uleb128 0x3b
 1124 00fc 0B       		.uleb128 0xb
 1125 00fd 49       		.uleb128 0x49
 1126 00fe 13       		.uleb128 0x13
 1127 00ff 3F       		.uleb128 0x3f
 1128 0100 19       		.uleb128 0x19
 1129 0101 02       		.uleb128 0x2
 1130 0102 18       		.uleb128 0x18
 1131 0103 00       		.byte	0
 1132 0104 00       		.byte	0
 1133 0105 14       		.uleb128 0x14
 1134 0106 01       		.uleb128 0x1
ARM GAS  C:\Users\DHEERA~1\AppData\Local\Temp\ccDKDu2t.s 			page 23


 1135 0107 01       		.byte	0x1
 1136 0108 49       		.uleb128 0x49
 1137 0109 13       		.uleb128 0x13
 1138 010a 01       		.uleb128 0x1
 1139 010b 13       		.uleb128 0x13
 1140 010c 00       		.byte	0
 1141 010d 00       		.byte	0
 1142 010e 15       		.uleb128 0x15
 1143 010f 21       		.uleb128 0x21
 1144 0110 00       		.byte	0
 1145 0111 49       		.uleb128 0x49
 1146 0112 13       		.uleb128 0x13
 1147 0113 2F       		.uleb128 0x2f
 1148 0114 05       		.uleb128 0x5
 1149 0115 00       		.byte	0
 1150 0116 00       		.byte	0
 1151 0117 16       		.uleb128 0x16
 1152 0118 2E       		.uleb128 0x2e
 1153 0119 00       		.byte	0
 1154 011a 3F       		.uleb128 0x3f
 1155 011b 19       		.uleb128 0x19
 1156 011c 3C       		.uleb128 0x3c
 1157 011d 19       		.uleb128 0x19
 1158 011e 6E       		.uleb128 0x6e
 1159 011f 0E       		.uleb128 0xe
 1160 0120 03       		.uleb128 0x3
 1161 0121 0E       		.uleb128 0xe
 1162 0122 3A       		.uleb128 0x3a
 1163 0123 0B       		.uleb128 0xb
 1164 0124 3B       		.uleb128 0x3b
 1165 0125 0B       		.uleb128 0xb
 1166 0126 00       		.byte	0
 1167 0127 00       		.byte	0
 1168 0128 00       		.byte	0
 1169              		.section	.debug_loc,"",%progbits
 1170              	.Ldebug_loc0:
 1171              	.LLST0:
 1172 0000 06000000 		.4byte	.LVL2
 1173 0004 1F000000 		.4byte	.LVL3-1
 1174 0008 0100     		.2byte	0x1
 1175 000a 50       		.byte	0x50
 1176 000b 00000000 		.4byte	0
 1177 000f 00000000 		.4byte	0
 1178              	.LLST1:
 1179 0013 18000000 		.4byte	.LVL8
 1180 0017 20000000 		.4byte	.LVL9
 1181 001b 0100     		.2byte	0x1
 1182 001d 50       		.byte	0x50
 1183 001e 00000000 		.4byte	0
 1184 0022 00000000 		.4byte	0
 1185              	.LLST2:
 1186 0026 02000000 		.4byte	.LVL4
 1187 002a 06000000 		.4byte	.LVL5
 1188 002e 0200     		.2byte	0x2
 1189 0030 30       		.byte	0x30
 1190 0031 9F       		.byte	0x9f
 1191 0032 06000000 		.4byte	.LVL5
ARM GAS  C:\Users\DHEERA~1\AppData\Local\Temp\ccDKDu2t.s 			page 24


 1192 0036 28000000 		.4byte	.LVL10
 1193 003a 0100     		.2byte	0x1
 1194 003c 54       		.byte	0x54
 1195 003d 00000000 		.4byte	0
 1196 0041 00000000 		.4byte	0
 1197              	.LLST3:
 1198 0045 02000000 		.4byte	.LVL11
 1199 0049 06000000 		.4byte	.LVL12
 1200 004d 0200     		.2byte	0x2
 1201 004f 30       		.byte	0x30
 1202 0050 9F       		.byte	0x9f
 1203 0051 06000000 		.4byte	.LVL12
 1204 0055 24000000 		.4byte	.LVL16
 1205 0059 0100     		.2byte	0x1
 1206 005b 54       		.byte	0x54
 1207 005c 00000000 		.4byte	0
 1208 0060 00000000 		.4byte	0
 1209              	.LLST4:
 1210 0064 00000000 		.4byte	.LVL17
 1211 0068 09000000 		.4byte	.LVL18-1
 1212 006c 0100     		.2byte	0x1
 1213 006e 50       		.byte	0x50
 1214 006f 09000000 		.4byte	.LVL18-1
 1215 0073 18000000 		.4byte	.LFE67
 1216 0077 0400     		.2byte	0x4
 1217 0079 F3       		.byte	0xf3
 1218 007a 01       		.uleb128 0x1
 1219 007b 50       		.byte	0x50
 1220 007c 9F       		.byte	0x9f
 1221 007d 00000000 		.4byte	0
 1222 0081 00000000 		.4byte	0
 1223              	.LLST5:
 1224 0085 00000000 		.4byte	.LVL17
 1225 0089 09000000 		.4byte	.LVL18-1
 1226 008d 0100     		.2byte	0x1
 1227 008f 51       		.byte	0x51
 1228 0090 09000000 		.4byte	.LVL18-1
 1229 0094 18000000 		.4byte	.LFE67
 1230 0098 0400     		.2byte	0x4
 1231 009a F3       		.byte	0xf3
 1232 009b 01       		.uleb128 0x1
 1233 009c 51       		.byte	0x51
 1234 009d 9F       		.byte	0x9f
 1235 009e 00000000 		.4byte	0
 1236 00a2 00000000 		.4byte	0
 1237              	.LLST6:
 1238 00a6 00000000 		.4byte	.LVL17
 1239 00aa 09000000 		.4byte	.LVL18-1
 1240 00ae 0100     		.2byte	0x1
 1241 00b0 52       		.byte	0x52
 1242 00b1 09000000 		.4byte	.LVL18-1
 1243 00b5 18000000 		.4byte	.LFE67
 1244 00b9 0400     		.2byte	0x4
 1245 00bb F3       		.byte	0xf3
 1246 00bc 01       		.uleb128 0x1
 1247 00bd 52       		.byte	0x52
 1248 00be 9F       		.byte	0x9f
ARM GAS  C:\Users\DHEERA~1\AppData\Local\Temp\ccDKDu2t.s 			page 25


 1249 00bf 00000000 		.4byte	0
 1250 00c3 00000000 		.4byte	0
 1251              		.section	.debug_aranges,"",%progbits
 1252 0000 4C000000 		.4byte	0x4c
 1253 0004 0200     		.2byte	0x2
 1254 0006 00000000 		.4byte	.Ldebug_info0
 1255 000a 04       		.byte	0x4
 1256 000b 00       		.byte	0
 1257 000c 0000     		.2byte	0
 1258 000e 0000     		.2byte	0
 1259 0010 00000000 		.4byte	.LFB63
 1260 0014 18000000 		.4byte	.LFE63-.LFB63
 1261 0018 00000000 		.4byte	.LFB64
 1262 001c 28000000 		.4byte	.LFE64-.LFB64
 1263 0020 00000000 		.4byte	.LFB65
 1264 0024 2C000000 		.4byte	.LFE65-.LFB65
 1265 0028 00000000 		.4byte	.LFB66
 1266 002c 28000000 		.4byte	.LFE66-.LFB66
 1267 0030 00000000 		.4byte	.LFB67
 1268 0034 18000000 		.4byte	.LFE67-.LFB67
 1269 0038 00000000 		.4byte	.LFB68
 1270 003c 30000000 		.4byte	.LFE68-.LFB68
 1271 0040 00000000 		.4byte	.LFB69
 1272 0044 12000000 		.4byte	.LFE69-.LFB69
 1273 0048 00000000 		.4byte	0
 1274 004c 00000000 		.4byte	0
 1275              		.section	.debug_ranges,"",%progbits
 1276              	.Ldebug_ranges0:
 1277 0000 00000000 		.4byte	.LFB63
 1278 0004 18000000 		.4byte	.LFE63
 1279 0008 00000000 		.4byte	.LFB64
 1280 000c 28000000 		.4byte	.LFE64
 1281 0010 00000000 		.4byte	.LFB65
 1282 0014 2C000000 		.4byte	.LFE65
 1283 0018 00000000 		.4byte	.LFB66
 1284 001c 28000000 		.4byte	.LFE66
 1285 0020 00000000 		.4byte	.LFB67
 1286 0024 18000000 		.4byte	.LFE67
 1287 0028 00000000 		.4byte	.LFB68
 1288 002c 30000000 		.4byte	.LFE68
 1289 0030 00000000 		.4byte	.LFB69
 1290 0034 12000000 		.4byte	.LFE69
 1291 0038 00000000 		.4byte	0
 1292 003c 00000000 		.4byte	0
 1293              		.section	.debug_line,"",%progbits
 1294              	.Ldebug_line0:
 1295 0000 57020000 		.section	.debug_str,"MS",%progbits,1
 1295      02009801 
 1295      00000201 
 1295      FB0E0D00 
 1295      01010101 
 1296              	.LASF42:
 1297 0000 6973725F 		.ascii	"isr_Button_ClearPending\000"
 1297      42757474 
 1297      6F6E5F43 
 1297      6C656172 
 1297      50656E64 
ARM GAS  C:\Users\DHEERA~1\AppData\Local\Temp\ccDKDu2t.s 			page 26


 1298              	.LASF54:
 1299 0018 55415254 		.ascii	"UART_LOG_Start\000"
 1299      5F4C4F47 
 1299      5F537461 
 1299      727400
 1300              	.LASF48:
 1301 0027 4144435F 		.ascii	"ADC_GetResult16\000"
 1301      47657452 
 1301      6573756C 
 1301      74313600 
 1302              	.LASF36:
 1303 0037 73746174 		.ascii	"state\000"
 1303      6500
 1304              	.LASF50:
 1305 003d 6C65645F 		.ascii	"led_red_Write\000"
 1305      7265645F 
 1305      57726974 
 1305      6500
 1306              	.LASF2:
 1307 004b 73686F72 		.ascii	"short int\000"
 1307      7420696E 
 1307      7400
 1308              	.LASF49:
 1309 0055 55415254 		.ascii	"UART_LOG_PutChar\000"
 1309      5F4C4F47 
 1309      5F507574 
 1309      43686172 
 1309      00
 1310              	.LASF19:
 1311 0066 73697A65 		.ascii	"sizetype\000"
 1311      74797065 
 1311      00
 1312              	.LASF4:
 1313 006f 5F5F7569 		.ascii	"__uint16_t\000"
 1313      6E743136 
 1313      5F7400
 1314              	.LASF30:
 1315 007a 75706461 		.ascii	"updateLEDs\000"
 1315      74654C45 
 1315      447300
 1316              	.LASF33:
 1317 0085 696E6974 		.ascii	"initializeHardware\000"
 1317      69616C69 
 1317      7A654861 
 1317      72647761 
 1317      726500
 1318              	.LASF47:
 1319 0098 4144435F 		.ascii	"ADC_IsEndConversion\000"
 1319      4973456E 
 1319      64436F6E 
 1319      76657273 
 1319      696F6E00 
 1320              	.LASF22:
 1321 00ac 55415254 		.ascii	"UART_TRANSFER\000"
 1321      5F545241 
 1321      4E534645 
 1321      5200
ARM GAS  C:\Users\DHEERA~1\AppData\Local\Temp\ccDKDu2t.s 			page 27


 1322              	.LASF12:
 1323 00ba 75696E74 		.ascii	"uint8_t\000"
 1323      385F7400 
 1324              	.LASF25:
 1325 00c2 55415254 		.ascii	"UART_ISR_Handler\000"
 1325      5F495352 
 1325      5F48616E 
 1325      646C6572 
 1325      00
 1326              	.LASF20:
 1327 00d3 49444C45 		.ascii	"IDLE\000"
 1327      00
 1328              	.LASF46:
 1329 00d8 4144435F 		.ascii	"ADC_StartConvert\000"
 1329      53746172 
 1329      74436F6E 
 1329      76657274 
 1329      00
 1330              	.LASF15:
 1331 00e9 666C6F61 		.ascii	"float\000"
 1331      7400
 1332              	.LASF24:
 1333 00ef 42757474 		.ascii	"Button_ISR_Handler\000"
 1333      6F6E5F49 
 1333      53525F48 
 1333      616E646C 
 1333      657200
 1334              	.LASF9:
 1335 0102 6C6F6E67 		.ascii	"long long int\000"
 1335      206C6F6E 
 1335      6720696E 
 1335      7400
 1336              	.LASF21:
 1337 0110 53414D50 		.ascii	"SAMPLING\000"
 1337      4C494E47 
 1337      00
 1338              	.LASF31:
 1339 0119 6F72616E 		.ascii	"orange\000"
 1339      676500
 1340              	.LASF23:
 1341 0120 53746174 		.ascii	"State\000"
 1341      6500
 1342              	.LASF17:
 1343 0126 63686172 		.ascii	"char\000"
 1343      00
 1344              	.LASF38:
 1345 012b 62757474 		.ascii	"buttonPressed\000"
 1345      6F6E5072 
 1345      65737365 
 1345      6400
 1346              	.LASF7:
 1347 0139 6C6F6E67 		.ascii	"long int\000"
 1347      20696E74 
 1347      00
 1348              	.LASF3:
 1349 0142 5F5F7569 		.ascii	"__uint8_t\000"
 1349      6E74385F 
ARM GAS  C:\Users\DHEERA~1\AppData\Local\Temp\ccDKDu2t.s 			page 28


 1349      7400
 1350              	.LASF32:
 1351 014c 67726565 		.ascii	"green\000"
 1351      6E00
 1352              	.LASF18:
 1353 0152 6C6F6E67 		.ascii	"long double\000"
 1353      20646F75 
 1353      626C6500 
 1354              	.LASF1:
 1355 015e 756E7369 		.ascii	"unsigned char\000"
 1355      676E6564 
 1355      20636861 
 1355      7200
 1356              	.LASF43:
 1357 016c 42757474 		.ascii	"Button_ClearInterrupt\000"
 1357      6F6E5F43 
 1357      6C656172 
 1357      496E7465 
 1357      72727570 
 1358              	.LASF58:
 1359 0182 55415254 		.ascii	"UART_LOG_GetRxBufferSize\000"
 1359      5F4C4F47 
 1359      5F476574 
 1359      52784275 
 1359      66666572 
 1360              	.LASF52:
 1361 019b 6C65645F 		.ascii	"led_green_Write\000"
 1361      67726565 
 1361      6E5F5772 
 1361      69746500 
 1362              	.LASF26:
 1363 01ab 73616D70 		.ascii	"sampleADC\000"
 1363      6C654144 
 1363      4300
 1364              	.LASF0:
 1365 01b5 7369676E 		.ascii	"signed char\000"
 1365      65642063 
 1365      68617200 
 1366              	.LASF29:
 1367 01c1 75617274 		.ascii	"uartSendBuffer\000"
 1367      53656E64 
 1367      42756666 
 1367      657200
 1368              	.LASF10:
 1369 01d0 6C6F6E67 		.ascii	"long long unsigned int\000"
 1369      206C6F6E 
 1369      6720756E 
 1369      7369676E 
 1369      65642069 
 1370              	.LASF11:
 1371 01e7 756E7369 		.ascii	"unsigned int\000"
 1371      676E6564 
 1371      20696E74 
 1371      00
 1372              	.LASF13:
 1373 01f4 75696E74 		.ascii	"uint16_t\000"
 1373      31365F74 
ARM GAS  C:\Users\DHEERA~1\AppData\Local\Temp\ccDKDu2t.s 			page 29


 1373      00
 1374              	.LASF34:
 1375 01fd 666C7573 		.ascii	"flushRxBuffer\000"
 1375      68527842 
 1375      75666665 
 1375      7200
 1376              	.LASF5:
 1377 020b 73686F72 		.ascii	"short unsigned int\000"
 1377      7420756E 
 1377      7369676E 
 1377      65642069 
 1377      6E7400
 1378              	.LASF57:
 1379 021e 6973725F 		.ascii	"isr_UART_StartEx\000"
 1379      55415254 
 1379      5F537461 
 1379      72744578 
 1379      00
 1380              	.LASF14:
 1381 022f 696E7433 		.ascii	"int32_t\000"
 1381      325F7400 
 1382              	.LASF45:
 1383 0237 6973725F 		.ascii	"isr_UART_ClearPending\000"
 1383      55415254 
 1383      5F436C65 
 1383      61725065 
 1383      6E64696E 
 1384              	.LASF55:
 1385 024d 4144435F 		.ascii	"ADC_Start\000"
 1385      53746172 
 1385      7400
 1386              	.LASF8:
 1387 0257 6C6F6E67 		.ascii	"long unsigned int\000"
 1387      20756E73 
 1387      69676E65 
 1387      6420696E 
 1387      7400
 1388              	.LASF16:
 1389 0269 646F7562 		.ascii	"double\000"
 1389      6C6500
 1390              	.LASF60:
 1391 0270 66756E63 		.ascii	"functions.c\000"
 1391      74696F6E 
 1391      732E6300 
 1392              	.LASF37:
 1393 027c 61646342 		.ascii	"adcBuffer\000"
 1393      75666665 
 1393      7200
 1394              	.LASF27:
 1395 0286 72784368 		.ascii	"rxChar\000"
 1395      617200
 1396              	.LASF40:
 1397 028d 75617274 		.ascii	"uart_o_received\000"
 1397      5F6F5F72 
 1397      65636569 
 1397      76656400 
 1398              	.LASF6:
ARM GAS  C:\Users\DHEERA~1\AppData\Local\Temp\ccDKDu2t.s 			page 30


 1399 029d 5F5F696E 		.ascii	"__int32_t\000"
 1399      7433325F 
 1399      7400
 1400              	.LASF44:
 1401 02a7 55415254 		.ascii	"UART_LOG_GetChar\000"
 1401      5F4C4F47 
 1401      5F476574 
 1401      43686172 
 1401      00
 1402              	.LASF53:
 1403 02b8 57617665 		.ascii	"WaveDAC8_1_Start\000"
 1403      44414338 
 1403      5F315F53 
 1403      74617274 
 1403      00
 1404              	.LASF41:
 1405 02c9 73616D70 		.ascii	"sampleCount\000"
 1405      6C65436F 
 1405      756E7400 
 1406              	.LASF51:
 1407 02d5 6C65645F 		.ascii	"led_orange_Write\000"
 1407      6F72616E 
 1407      67655F57 
 1407      72697465 
 1407      00
 1408              	.LASF28:
 1409 02e6 6F757470 		.ascii	"output\000"
 1409      757400
 1410              	.LASF61:
 1411 02ed 443A5C4D 		.ascii	"D:\\MS\\HDA\\Embedded\\Second_sem\\System_Driven_Ha"
 1411      535C4844 
 1411      415C456D 
 1411      62656464 
 1411      65645C53 
 1412 031b 72647761 		.ascii	"rdware_Design\\Lab3_Lab4\\Final_after_updates\\Fina"
 1412      72655F44 
 1412      65736967 
 1412      6E5C4C61 
 1412      62335F4C 
 1413 034b 6C5F4465 		.ascii	"l_Design.cydsn\\Final_Design.cydsn\000"
 1413      7369676E 
 1413      2E637964 
 1413      736E5C46 
 1413      696E616C 
 1414              	.LASF56:
 1415 036d 6973725F 		.ascii	"isr_Button_StartEx\000"
 1415      42757474 
 1415      6F6E5F53 
 1415      74617274 
 1415      457800
 1416              	.LASF39:
 1417 0380 75617274 		.ascii	"uart_s_received\000"
 1417      5F735F72 
 1417      65636569 
 1417      76656400 
 1418              	.LASF35:
 1419 0390 49544D5F 		.ascii	"ITM_RxBuffer\000"
ARM GAS  C:\Users\DHEERA~1\AppData\Local\Temp\ccDKDu2t.s 			page 31


 1419      52784275 
 1419      66666572 
 1419      00
 1420              	.LASF59:
 1421 039d 474E5520 		.ascii	"GNU C11 5.4.1 20160609 (release) [ARM/embedded-5-br"
 1421      43313120 
 1421      352E342E 
 1421      31203230 
 1421      31363036 
 1422 03d0 616E6368 		.ascii	"anch revision 237715] -mcpu=cortex-m3 -mthumb -g -O"
 1422      20726576 
 1422      6973696F 
 1422      6E203233 
 1422      37373135 
 1423 0403 67202D66 		.ascii	"g -ffunction-sections -ffat-lto-objects\000"
 1423      66756E63 
 1423      74696F6E 
 1423      2D736563 
 1423      74696F6E 
 1424              		.ident	"GCC: (GNU Tools for ARM Embedded Processors) 5.4.1 20160609 (release) [ARM/embedded-5-bran
